make.exe all --print-data-base --no-builtin-variables --no-builtin-rules --question
# GNU Make 3.81
# Copyright (C) 2006  Free Software Foundation, Inc.
# This is free software; see the source for copying conditions.
# There is NO warranty; not even for MERCHANTABILITY or FITNESS FOR A
# PARTICULAR PURPOSE.

# This program built for i386-pc-mingw32

# Make data base, printed on Fri Sep 09 14:11:55 2022

# Variables

# automatic
<D = $(patsubst %/,%,$(dir $<))
# automatic
?F = $(notdir $?)
# makefile (from `makefile', line 18)
WARNING_FLAGS = -Wall -Wextra -pedantic
# makefile
MAKEFLAGS = Rrqp
# automatic
?D = $(patsubst %/,%,$(dir $?))
# automatic
@D = $(patsubst %/,%,$(dir $@))
# environment
HOMEDRIVE = C:
# automatic
@F = $(notdir $@)
# automatic
^D = $(patsubst %/,%,$(dir $^))
# makefile
CURDIR := c:/Users/Coder of worlds/Documents/GitHub/WebFrame/Core_v2
# default
SHELL := C:/Program Files/Git/usr/bin/sh.exe
# environment
WINDIR = C:\Windows
# environment
VSCODE_NLS_CONFIG = {"locale":"en-us","availableLanguages":{},"_languagePackSupport":true}
# environment
ONEDRIVE = C:\Users\Coder of worlds\OneDrive
# environment
NDI_SDK_DIR = C:\Program Files\NewTek\NDI 4 SDK
# makefile (from `makefile', line 2)
CPP_STD = -std=c++20
# environment
PATHEXT = .COM;.EXE;.BAT;.CMD;.VBS;.VBE;.JS;.JSE;.WSF;.WSH;.MSC;.PY;.PYW
# makefile (from `makefile', line 1)
MAKEFILE_LIST :=  makefile
# makefile (from `makefile', line 11)
LIB_FLAGS = -pthread -lpthread -lwsock32 -lws2_32
# environment
TMP = C:\Users\CODERO~1\AppData\Local\Temp
# environment
PROGRAMW6432 = C:\Program Files
# environment
PROGRAMDATA = C:\ProgramData
# environment
NDI_RUNTIME_DIR_V3 = C:\Program Files\NewTek\NDI 4 Tools\Runtime
# environment
VSCODE_CWD = C:\Users\Coder of worlds\AppData\Local\Programs\Microsoft VS Code
# environment
PATH = C:\Program Files (x86)\Python\Scripts\;C:\Program Files (x86)\Python\;C:\Windows\system32;C:\Windows;C:\Windows\System32\Wbem;C:\Windows\System32\WindowsPowerShell\v1.0\;C:\Windows\System32\OpenSSH\;C:\Program Files\nodejs\;C:\ProgramData\chocolatey\bin;C:\Program Files\Git\cmd;C:\Program Files\Git\mingw64\bin;C:\Program Files\Git\usr\bin;C:\Program Files\CMake\bin;C:\Program Files\Meson\;C;C:\Users\Coder of worlds\AppData\Local\Microsoft\WindowsApps;C:\Users\Coder of worlds\AppData\Local\Programs\Microsoft VS Code\bin;C:\Users\Coder of worlds\AppData\Local\GitHubDesktop\bin;C:\Users\Coder of worlds\AppData\Roaming\npm;C:\Program Files (x86)\GnuWin32\bin;C:\Program Files\Cppcheck;C:\Program Files\Git\bin;C:\MinGW\bin;C:\Program Files\doxygen\bin;C:\Users\Coder of worlds\AppData\Roaming\Python\Python310\Scripts;
# environment
COMMONPROGRAMW6432 = C:\Program Files\Common Files
# environment
CHOCOLATEYLASTPATHUPDATE = 132742942668952074
# environment
PROCESSOR_ARCHITECTURE = x86
# environment
USERPROFILE = C:\Users\Coder of worlds
# environment
CHOCOLATEYINSTALL = C:\ProgramData\chocolatey
# environment
ALLUSERSPROFILE = C:\ProgramData
# environment
NUMBER_OF_PROCESSORS = 16
# environment
ELECTRON_RUN_AS_NODE = 1
# default
.FEATURES := target-specific order-only second-expansion else-if archives
# automatic
%F = $(notdir $%)
# environment
CHROME_CRASHPAD_PIPE_NAME = \\.\pipe\crashpad_9944_CAQFCCYSAPGLAFXY
# makefile (from `makefile', line 4)
OPT = -fconstexpr-depth=700
# environment
COMPUTERNAME = DESKTOP-BEA3UL2
# environment
PROGRAMFILES = C:\Program Files (x86)
# environment
DRIVERDATA = C:\Windows\System32\Drivers\DriverData
# environment
ORIGINAL_XDG_CURRENT_DESKTOP = undefined
# environment
USERNAME = Coder of worlds
# environment
PUBLIC = C:\Users\Public
# environment
VSCODE_AMD_ENTRYPOINT = vs/workbench/api/node/extensionHostProcess
# environment
VSCODE_CODE_CACHE_PATH = C:\Users\Coder of worlds\AppData\Roaming\Code\CachedData\e4503b30fc78200f846c62cf8091b76ff5547662
# environment
APPLICATION_INSIGHTS_NO_DIAGNOSTIC_CHANNEL = 1
# environment
COMMONPROGRAMFILES = C:\Program Files (x86)\Common Files
# environment
LOGONSERVER = \\DESKTOP-BEA3UL2
# environment
ONEDRIVECONSUMER = C:\Users\Coder of worlds\OneDrive
# environment
VSCODE_HANDLES_UNCAUGHT_ERRORS = true
# environment
USERDOMAIN = DESKTOP-BEA3UL2
# default
MAKE = $(MAKE_COMMAND)
# default
MAKECMDGOALS := all
# default
MAKE_VERSION := 3.81
# makefile
.DEFAULT_GOAL := all
# environment
ACSVCPORT = 17532
# environment
PROGRAMFILES(X86) = C:\Program Files (x86)
# automatic
%D = $(patsubst %/,%,$(dir $%))
# environment
LOCALAPPDATA = C:\Users\Coder of worlds\AppData\Local
# environment
PSMODULEPATH = C:\Program Files\WindowsPowerShell\Modules;C:\Windows\system32\WindowsPowerShell\v1.0\Modules
# default
MAKE_COMMAND := make.exe
# environment
PROCESSOR_ARCHITEW6432 = AMD64
# makefile (from `makefile', line 1)
COMPILER_CPP = g++
# default
.VARIABLES := 
# automatic
*F = $(notdir $*)
# environment
PROCESSOR_IDENTIFIER = AMD64 Family 25 Model 80 Stepping 0, AuthenticAMD
# environment
OS = Windows_NT
# environment
VSCODE_IPC_HOOK = \\.\pipe\bc1e2b342a08c218af97835f22237661-1.70.2-main-sock
# environment
HOMEPATH = \Users\Coder of worlds
# environment
COMMONPROGRAMFILES(X86) = C:\Program Files (x86)\Common Files
# environment
PROMPT = $P$G
# environment
MFLAGS = -Rrqp
# automatic
*D = $(patsubst %/,%,$(dir $*))
# environment
SYSTEMROOT = C:\Windows
# automatic
+D = $(patsubst %/,%,$(dir $+))
# automatic
+F = $(notdir $+)
# environment
APPDATA = C:\Users\Coder of worlds\AppData\Roaming
# environment
__COMPAT_LAYER = DetectorsAppHealth
# environment
TEMP = C:\Users\CODERO~1\AppData\Local\Temp
# environment
COMSPEC = C:\Windows\system32\cmd.exe
# default
MAKEFILES := 
# automatic
<F = $(notdir $<)
# makefile (from `makefile', line 7)
DEBUG_FLAGS = -fsanitize=undefined -fsanitize=address
# environment
RLSSVCPORT = 22112
# environment
LC_ALL = C
# makefile (from `makefile', line 3)
OPTIMIZATION_LEVEL = -O2
# environment
NDI_RUNTIME_DIR_V2 = C:\Program Files\NewTek\NDI 4 Tools\Runtime
# makefile (from `makefile', line 8)
INJACPP = -I./lib/inja/single_include/ -I./lib/inja/third_party/include
# environment
NDI_RUNTIME_DIR_V4 = C:\Program Files\NewTek\NDI 4 Tools\Runtime
# automatic
^F = $(notdir $^)
# default
SUFFIXES := 
# environment
SYSTEMDRIVE = C:
# environment
SESSIONNAME = Console
# environment
PROCESSOR_REVISION = 5000
# makefile (from `makefile', line 5)
INCLUDE_DIRS = -I./tests -I./lib/
# environment
VBOX_HWVIRTEX_IGNORE_SVM_IN_USE = 1
# environment
MAKELEVEL := 0
# environment
LANG = C
# environment
PROCESSOR_LEVEL = 25
# environment
VSCODE_PID = 9944
# environment
USERDOMAIN_ROAMINGPROFILE = DESKTOP-BEA3UL2
# variable set hash-table stats:
# Load=101/1024=10%, Rehash=0, Collisions=14/133=11%

# Pattern-specific Variable Values

# No pattern-specific variable values.

# Directories

# C:\Windows\System32\WindowsPowerShell\v1.0\ (key C:/Windows/System32/WindowsPowerShell/v1.0/, mtime 1617976484): 30 files, no impossibilities.
# C:\Windows\System32\Wbem (key C:/Windows/System32/Wbem, mtime 1662413253): 170 files, no impossibilities.
# . (key c:/Users/Coder of worlds/Documents/GitHub/WebFrame/Core_v2, mtime 1661474564): 24 files, no impossibilities.
# C:\Program Files\Git\mingw64\bin (key C:/Program Files/Git/mingw64/bin, mtime 1629907447): 112 files, no impossibilities.
# C:\ProgramData\chocolatey\bin (key C:/ProgramData/chocolatey/bin, mtime 1650321479): 14 files, no impossibilities.
# C:\Program Files\nodejs\ (key C:/Program Files/nodejs/, mtime 1629820610): 11 files, no impossibilities.
# C:\Windows\System32\OpenSSH\: could not be stat'd.
# C:\Windows (key C:/Windows, mtime 1662485517): 113 files, no impossibilities.
# C:\Program Files\Git\usr\bin (key C:/Program Files/Git/usr/bin, mtime 1645964252): 313 files, no impossibilities so far.
# C:\Program Files\Git\cmd (key C:/Program Files/Git/cmd, mtime 1629907447): 8 files, no impossibilities.
# C:\Windows\system32 (key C:/Windows/system32, mtime 1662669280): 2970 files, no impossibilities.
# C:\Program Files (x86)\Python\ (key C:/Program Files (x86)/Python/, mtime 1646004066): 28 files, no impossibilities.
# C:\Program Files (x86)\Python\Scripts\ (key C:/Program Files (x86)/Python/Scripts/, mtime 1646004187): 17 files, no impossibilities.

# 3810 files, no impossibilities in 13 directories.

# Implicit Rules

# No implicit rules.

# Files

all: build_all run
#  Command-line target.
#  Implicit rule search has been done.
#  File does not exist.
#  File has been updated.
#  Needs to be updated (-q is set).
# variable set hash-table stats:
# Load=0/32=0%, Rehash=0, Collisions=0/10=0%

debug_build_all: debug_build debug_build_tests debug_benchmark_build
#  Implicit rule search has not been done.
#  Modification time never checked.
#  File has not been updated.

# Not a target:
.DEFAULT:
#  Implicit rule search has not been done.
#  Modification time never checked.
#  File has not been updated.

run_tests:
#  Implicit rule search has not been done.
#  Modification time never checked.
#  File has not been updated.
#  commands to execute (from `makefile', line 80):
	./bin/test.exe
	

benchmark_run:
#  Implicit rule search has not been done.
#  Modification time never checked.
#  File has not been updated.
#  commands to execute (from `makefile', line 89):
	./benchmark/contestants/server.exe $(PORT)
	

benchmark_run_atomic:
#  Implicit rule search has not been done.
#  Modification time never checked.
#  File has not been updated.
#  commands to execute (from `makefile', line 86):
	./benchmark/contestants/server_atomic.exe $(PORT)
	

test: clean build_tests run_tests
#  Implicit rule search has not been done.
#  Modification time never checked.
#  File has not been updated.

# Not a target:
makefile:
#  Implicit rule search has been done.
#  Last modified 2022-08-23 19:56:52
#  File has been updated.
#  Successfully updated.
# variable set hash-table stats:
# Load=0/32=0%, Rehash=0, Collisions=0/0=0%

build:
#  Implicit rule search has not been done.
#  Implicit/static pattern stem: `'
#  File does not exist.
#  File has been updated.
#  Needs to be updated (-q is set).
# automatic
# @ := build
# automatic
# % := 
# automatic
# * := 
# automatic
# + := 
# automatic
# | := 
# automatic
# < := 
# automatic
# ^ := 
# automatic
# ? := 
# variable set hash-table stats:
# Load=8/32=25%, Rehash=0, Collisions=6/18=33%
#  commands to execute (from `makefile', line 32):
	$(COMPILER_CPP) $(CPP_STD) $(OPTIMIZATION_LEVEL) $(OPT) ./example/Sample/main.cpp -o ./bin/main.exe $(INCLUDE_DIRS) $(WARNING_FLAGS) $(LIB_FLAGS) $(INJACPP)
	

build_all: build build_project build_tests benchmark_build
#  Implicit rule search has been done.
#  File does not exist.
#  File has been updated.
#  Needs to be updated (-q is set).
# variable set hash-table stats:
# Load=0/32=0%, Rehash=0, Collisions=0/10=0%

# Not a target:
.SUFFIXES:
#  Implicit rule search has not been done.
#  Modification time never checked.
#  File has not been updated.

debug_benchmark_build:
#  Implicit rule search has not been done.
#  Modification time never checked.
#  File has not been updated.
#  commands to execute (from `makefile', line 53):
	$(COMPILER_CPP) $(CPP_STD) $(OPT) $(OPTIMIZATION_LEVEL) ./benchmark/contestants/server.cpp -o ./benchmark/contestants/server.exe $(INCLUDE_DIRS) $(LIB_FLAGS) $(DEBUG_FLAGS) $(INJACPP)
	

build_project:
#  Implicit rule search has not been done.
#  Modification time never checked.
#  File has not been updated.
#  commands to execute (from `makefile', line 35):
	$(COMPILER_CPP) $(CPP_STD) $(OPTIMIZATION_LEVEL) $(OPT) ./example/Project/main.cpp -o ./bin/proj_main.exe $(INCLUDE_DIRS) $(WARNING_FLAGS) $(LIB_FLAGS) $(INJACPP)
	

run:
#  Implicit rule search has not been done.
#  Modification time never checked.
#  File has not been updated.
#  commands to execute (from `makefile', line 77):
	./bin/main.exe
	

clean:
#  Implicit rule search has not been done.
#  Modification time never checked.
#  File has not been updated.
#  commands to execute (from `makefile', line 73):
	rm -rf ./bin
	mkdir -p ./bin/log
	

install_inja:
#  Implicit rule search has not been done.
#  Modification time never checked.
#  File has not been updated.
#  commands to execute (from `makefile', line 27):
	cd ./lib/inja && cmake . -G "Unix Makefiles" && make MAKE=make CMAKE_COMMAND=cmake
	

benchmark_builds:
#  Implicit rule search has not been done.
#  Modification time never checked.
#  File has not been updated.
#  commands to execute (from `makefile', line 56):
	$(COMPILER_CPP) $(CPP_STD) $(OPT) -O     ./benchmark/contestants/server_atomic.cpp -o ./benchmark/contestants/server_atomic-O.exe      $(INCLUDE_DIRS) $(LIB_FLAGS) $(INJACPP)
	$(COMPILER_CPP) $(CPP_STD) $(OPT) -O1    ./benchmark/contestants/server_atomic.cpp -o ./benchmark/contestants/server_atomic-O1.exe     $(INCLUDE_DIRS) $(LIB_FLAGS) $(INJACPP)
	$(COMPILER_CPP) $(CPP_STD) $(OPT) -O2    ./benchmark/contestants/server_atomic.cpp -o ./benchmark/contestants/server_atomic-O2.exe     $(INCLUDE_DIRS) $(LIB_FLAGS) $(INJACPP)
	$(COMPILER_CPP) $(CPP_STD) $(OPT) -O3    ./benchmark/contestants/server_atomic.cpp -o ./benchmark/contestants/server_atomic-O3.exe     $(INCLUDE_DIRS) $(LIB_FLAGS) $(INJACPP)
	$(COMPILER_CPP) $(CPP_STD) $(OPT) -Ofast ./benchmark/contestants/server_atomic.cpp -o ./benchmark/contestants/server_atomic-Ofast.exe  $(INCLUDE_DIRS) $(LIB_FLAGS) $(INJACPP)
	$(COMPILER_CPP) $(CPP_STD) $(OPT) -Og    ./benchmark/contestants/server_atomic.cpp -o ./benchmark/contestants/server_atomic-Og.exe     $(INCLUDE_DIRS) $(LIB_FLAGS) $(INJACPP)
	$(COMPILER_CPP) $(CPP_STD) $(OPT) -Os    ./benchmark/contestants/server_atomic.cpp -o ./benchmark/contestants/server_atomic-Os.exe     $(INCLUDE_DIRS) $(LIB_FLAGS) $(INJACPP)
	$(COMPILER_CPP) $(CPP_STD) $(OPT) -O     ./benchmark/contestants/server.cpp -o ./benchmark/contestants/server-O.exe      $(INCLUDE_DIRS) $(LIB_FLAGS) $(INJACPP)
	$(COMPILER_CPP) $(CPP_STD) $(OPT) -O1    ./benchmark/contestants/server.cpp -o ./benchmark/contestants/server-O1.exe     $(INCLUDE_DIRS) $(LIB_FLAGS) $(INJACPP)
	$(COMPILER_CPP) $(CPP_STD) $(OPT) -O2    ./benchmark/contestants/server.cpp -o ./benchmark/contestants/server-O2.exe     $(INCLUDE_DIRS) $(LIB_FLAGS) $(INJACPP)
	$(COMPILER_CPP) $(CPP_STD) $(OPT) -O3    ./benchmark/contestants/server.cpp -o ./benchmark/contestants/server-O3.exe     $(INCLUDE_DIRS) $(LIB_FLAGS) $(INJACPP)
	$(COMPILER_CPP) $(CPP_STD) $(OPT) -Ofast ./benchmark/contestants/server.cpp -o ./benchmark/contestants/server-Ofast.exe  $(INCLUDE_DIRS) $(LIB_FLAGS) $(INJACPP)
	$(COMPILER_CPP) $(CPP_STD) $(OPT) -Og    ./benchmark/contestants/server.cpp -o ./benchmark/contestants/server-Og.exe     $(INCLUDE_DIRS) $(LIB_FLAGS) $(INJACPP)
	$(COMPILER_CPP) $(CPP_STD) $(OPT) -Os    ./benchmark/contestants/server.cpp -o ./benchmark/contestants/server-Os.exe     $(INCLUDE_DIRS) $(LIB_FLAGS) $(INJACPP)
	

debug_build_tests:
#  Implicit rule search has not been done.
#  Modification time never checked.
#  File has not been updated.
#  commands to execute (from `makefile', line 50):
	$(COMPILER_CPP) $(CPP_STD) $(OPTIMIZATION_LEVEL) $(OPT) ./tests/main.cpp -o ./bin/test.exe $(INCLUDE_DIRS) $(WARNING_FLAGS) $(LIB_FLAGS) $(DEBUG_FLAGS) $(INJACPP)
	

run_project:
#  Implicit rule search has not been done.
#  Modification time never checked.
#  File has not been updated.
#  commands to execute (from `makefile', line 83):
	./bin/proj_main.exe
	

debug_build:
#  Implicit rule search has not been done.
#  Modification time never checked.
#  File has not been updated.
#  commands to execute (from `makefile', line 47):
	$(COMPILER_CPP) $(CPP_STD) $(OPTIMIZATION_LEVEL) $(OPT) ./example/Sample/main.cpp -o ./bin/main.exe $(INCLUDE_DIRS) $(WARNING_FLAGS) $(LIB_FLAGS) $(DEBUG_FLAGS) $(INJACPP)
	

build_tests:
#  Implicit rule search has not been done.
#  Modification time never checked.
#  File has not been updated.
#  commands to execute (from `makefile', line 38):
	$(COMPILER_CPP) $(CPP_STD) $(OPTIMIZATION_LEVEL) $(OPT) ./tests/main.cpp -o ./bin/test.exe $(INCLUDE_DIRS) $(WARNING_FLAGS) $(LIB_FLAGS) $(INJACPP)
	

benchmark_build:
#  Implicit rule search has not been done.
#  Modification time never checked.
#  File has not been updated.
#  commands to execute (from `makefile', line 41):
	$(COMPILER_CPP) $(CPP_STD) $(OPT) $(OPTIMIZATION_LEVEL) ./benchmark/contestants/server_atomic.cpp -o ./benchmark/contestants/server_atomic.exe $(INCLUDE_DIRS) $(LIB_FLAGS) $(INJACPP)
	$(COMPILER_CPP) $(CPP_STD) $(OPT) $(OPTIMIZATION_LEVEL) ./benchmark/contestants/server.cpp -o ./benchmark/contestants/server.exe $(INCLUDE_DIRS) $(LIB_FLAGS) $(INJACPP)
	

install: install_inja
#  Implicit rule search has not been done.
#  Modification time never checked.
#  File has not been updated.

# files hash-table stats:
# Load=23/1024=2%, Rehash=0, Collisions=4/49=8%
# VPATH Search Paths

# No `vpath' search paths.

# No general (`VPATH' variable) search path.

# # of strings in strcache: 1
# # of strcache buffers: 1
# strcache size: total = 4096 / max = 4096 / min = 4096 / avg = 4096
# strcache free: total = 4087 / max = 4087 / min = 4087 / avg = 4087

# Finished Make data base on Fri Sep 09 14:11:55 2022

 
